{"F:\\dev\\projects\\react\\final-project\\src\\components\\class_details\\ClassCodeDialog.tsx": {"path":"F:\\dev\\projects\\react\\final-project\\src\\components\\class_details\\ClassCodeDialog.tsx","statementMap":{"0":{"start":{"line":1,"column":0},"end":{"line":1,"column":null}},"1":{"start":{"line":7,"column":0},"end":{"line":7,"column":null}},"2":{"start":{"line":18,"column":0},"end":{"line":18,"column":33}},"3":{"start":{"line":19,"column":0},"end":{"line":19,"column":47}},"4":{"start":{"line":20,"column":0},"end":{"line":20,"column":38}},"5":{"start":{"line":32,"column":42},"end":{"line":32,"column":66}},"6":{"start":{"line":33,"column":16},"end":{"line":33,"column":40}},"7":{"start":{"line":34,"column":2},"end":{"line":163,"column":4}},"8":{"start":{"line":42,"column":10},"end":{"line":42,"column":26}},"9":{"start":{"line":43,"column":10},"end":{"line":43,"column":33}},"10":{"start":{"line":53,"column":16},"end":{"line":53,"column":32}},"11":{"start":{"line":54,"column":16},"end":{"line":54,"column":39}},"12":{"start":{"line":118,"column":18},"end":{"line":118,"column":66}},"13":{"start":{"line":119,"column":18},"end":{"line":119,"column":55}},"14":{"start":{"line":141,"column":18},"end":{"line":141,"column":49}},"15":{"start":{"line":31,"column":0},"end":{"line":31,"column":24}}},"fnMap":{"0":{"name":"ClassCodeDialog","decl":{"start":{"line":31,"column":24},"end":{"line":31,"column":39}},"loc":{"start":{"line":31,"column":52},"end":{"line":164,"column":1}}},"1":{"name":"(anonymous_1)","decl":{"start":{"line":41,"column":17},"end":{"line":41,"column":20}},"loc":{"start":{"line":41,"column":22},"end":{"line":44,"column":9}}},"2":{"name":"(anonymous_2)","decl":{"start":{"line":52,"column":23},"end":{"line":52,"column":26}},"loc":{"start":{"line":52,"column":28},"end":{"line":55,"column":15}}},"3":{"name":"(anonymous_3)","decl":{"start":{"line":117,"column":25},"end":{"line":117,"column":28}},"loc":{"start":{"line":117,"column":30},"end":{"line":120,"column":17}}},"4":{"name":"(anonymous_4)","decl":{"start":{"line":140,"column":25},"end":{"line":140,"column":28}},"loc":{"start":{"line":140,"column":30},"end":{"line":142,"column":17}}}},"branchMap":{"0":{"loc":{"start":{"line":47,"column":26},"end":{"line":47,"column":66}},"type":"cond-expr","locations":[{"start":{"line":47,"column":41},"end":{"line":47,"column":53}},{"start":{"line":47,"column":56},"end":{"line":47,"column":66}}]},"1":{"loc":{"start":{"line":67,"column":20},"end":{"line":67,"column":51}},"type":"cond-expr","locations":[{"start":{"line":67,"column":35},"end":{"line":67,"column":42}},{"start":{"line":67,"column":45},"end":{"line":67,"column":51}}]},"2":{"loc":{"start":{"line":73,"column":24},"end":{"line":73,"column":56}},"type":"cond-expr","locations":[{"start":{"line":73,"column":39},"end":{"line":73,"column":46}},{"start":{"line":73,"column":49},"end":{"line":73,"column":56}}]},"3":{"loc":{"start":{"line":144,"column":17},"end":{"line":155,"column":null}},"type":"cond-expr","locations":[{"start":{"line":145,"column":18},"end":{"line":148,"column":null}},{"start":{"line":151,"column":18},"end":{"line":154,"column":null}}]}},"s":{"0":1,"1":1,"2":1,"3":1,"4":1,"5":1,"6":1,"7":1,"8":0,"9":0,"10":0,"11":0,"12":0,"13":0,"14":0,"15":1},"f":{"0":1,"1":0,"2":0,"3":0,"4":0},"b":{"0":[0,1],"1":[0,1],"2":[0,1],"3":[0,1]}}
,"F:\\dev\\projects\\react\\final-project\\src\\utils\\toast.ts": {"path":"F:\\dev\\projects\\react\\final-project\\src\\utils\\toast.ts","statementMap":{"0":{"start":{"line":1,"column":0},"end":{"line":1,"column":null}},"1":{"start":{"line":7,"column":0},"end":{"line":64,"column":2}},"2":{"start":{"line":9,"column":4},"end":{"line":16,"column":7}},"3":{"start":{"line":19,"column":4},"end":{"line":26,"column":7}},"4":{"start":{"line":29,"column":4},"end":{"line":36,"column":7}},"5":{"start":{"line":39,"column":4},"end":{"line":46,"column":7}},"6":{"start":{"line":49,"column":4},"end":{"line":56,"column":7}},"7":{"start":{"line":59,"column":4},"end":{"line":59,"column":23}},"8":{"start":{"line":62,"column":4},"end":{"line":62,"column":20}}},"fnMap":{"0":{"name":"(anonymous_0)","decl":{"start":{"line":8,"column":2},"end":{"line":8,"column":9}},"loc":{"start":{"line":8,"column":46},"end":{"line":17,"column":3}}},"1":{"name":"(anonymous_1)","decl":{"start":{"line":18,"column":2},"end":{"line":18,"column":9}},"loc":{"start":{"line":18,"column":46},"end":{"line":27,"column":3}}},"2":{"name":"(anonymous_2)","decl":{"start":{"line":28,"column":2},"end":{"line":28,"column":6}},"loc":{"start":{"line":28,"column":43},"end":{"line":37,"column":3}}},"3":{"name":"(anonymous_3)","decl":{"start":{"line":38,"column":2},"end":{"line":38,"column":7}},"loc":{"start":{"line":38,"column":44},"end":{"line":47,"column":3}}},"4":{"name":"(anonymous_4)","decl":{"start":{"line":48,"column":2},"end":{"line":48,"column":8}},"loc":{"start":{"line":48,"column":45},"end":{"line":57,"column":3}}},"5":{"name":"(anonymous_5)","decl":{"start":{"line":58,"column":2},"end":{"line":58,"column":7}},"loc":{"start":{"line":58,"column":24},"end":{"line":60,"column":3}}},"6":{"name":"(anonymous_6)","decl":{"start":{"line":61,"column":2},"end":{"line":61,"column":10}},"loc":{"start":{"line":61,"column":10},"end":{"line":63,"column":3}}}},"branchMap":{},"s":{"0":1,"1":1,"2":0,"3":0,"4":0,"5":0,"6":0,"7":0,"8":0},"f":{"0":0,"1":0,"2":0,"3":0,"4":0,"5":0,"6":0},"b":{}}
}
