TN:
SF:src\components\class_details\ClassCodeDialog.tsx
FN:31,ClassCodeDialog
FN:41,(anonymous_1)
FN:52,(anonymous_2)
FN:117,(anonymous_3)
FN:140,(anonymous_4)
FNF:5
FNH:1
FNDA:1,ClassCodeDialog
FNDA:0,(anonymous_1)
FNDA:0,(anonymous_2)
FNDA:0,(anonymous_3)
FNDA:0,(anonymous_4)
DA:1,1
DA:7,1
DA:18,1
DA:19,1
DA:20,1
DA:31,1
DA:32,1
DA:33,1
DA:34,1
DA:42,0
DA:43,0
DA:53,0
DA:54,0
DA:118,0
DA:119,0
DA:141,0
LF:16
LH:9
BRDA:47,0,0,0
BRDA:47,0,1,1
BRDA:67,1,0,0
BRDA:67,1,1,1
BRDA:73,2,0,0
BRDA:73,2,1,1
BRDA:144,3,0,0
BRDA:144,3,1,1
BRF:8
BRH:4
end_of_record
TN:
SF:src\utils\toast.ts
FN:8,(anonymous_0)
FN:18,(anonymous_1)
FN:28,(anonymous_2)
FN:38,(anonymous_3)
FN:48,(anonymous_4)
FN:58,(anonymous_5)
FN:61,(anonymous_6)
FNF:7
FNH:0
FNDA:0,(anonymous_0)
FNDA:0,(anonymous_1)
FNDA:0,(anonymous_2)
FNDA:0,(anonymous_3)
FNDA:0,(anonymous_4)
FNDA:0,(anonymous_5)
FNDA:0,(anonymous_6)
DA:1,1
DA:7,1
DA:9,0
DA:19,0
DA:29,0
DA:39,0
DA:49,0
DA:59,0
DA:62,0
LF:9
LH:2
BRF:0
BRH:0
end_of_record
